Logfile Generated: [2021-4-17 20:50:16]
#[2021-4-17 20:50:16]: Entropy Engine: Default Initalization.#
[2021-4-17 20:50:16]: Loading Shader: ColorShader
[2021-4-17 20:50:16]: Compiliing Shader:Assets/Shaders/v2DBaseShader.glsl
[2021-4-17 20:50:16]: Compiliing Shader:Assets/Shaders/f2DColorShader.glsl
#[2021-4-17 20:50:16]: Entropy Engine: Default Run.#
[2021-4-17 20:50:20] PLAYER: KeyPressedEvent: 262 (0 repeats)
[2021-4-17 20:50:21] PLAYER: KeyReleasedEvent: 262
[2021-4-17 20:50:21] PLAYER: KeyPressedEvent: 263 (0 repeats)
[2021-4-17 20:50:21] PLAYER: KeyReleasedEvent: 263
[2021-4-17 20:50:22] PLAYER: KeyPressedEvent: 265 (0 repeats)
[2021-4-17 20:50:22] PLAYER: KeyReleasedEvent: 265
[2021-4-17 20:50:22] PLAYER: KeyPressedEvent: 265 (0 repeats)
[2021-4-17 20:50:22] PLAYER: KeyReleasedEvent: 265
[2021-4-17 20:50:22] PLAYER: KeyPressedEvent: 264 (0 repeats)
[2021-4-17 20:50:23] PLAYER: KeyReleasedEvent: 264
[2021-4-17 20:50:23] PLAYER: KeyPressedEvent: 264 (0 repeats)
[2021-4-17 20:50:23] PLAYER: KeyReleasedEvent: 264
[2021-4-17 20:50:28] PLAYER: KeyPressedEvent: 263 (0 repeats)
[2021-4-17 20:50:28] PLAYER: KeyPressedEvent: 265 (0 repeats)
[2021-4-17 20:50:28] PLAYER: KeyReleasedEvent: 263
[2021-4-17 20:50:28] PLAYER: KeyPressedEvent: 262 (0 repeats)
[2021-4-17 20:50:28] PLAYER: KeyReleasedEvent: 265
[2021-4-17 20:50:28] PLAYER: KeyPressedEvent: 264 (0 repeats)
[2021-4-17 20:50:28] PLAYER: KeyReleasedEvent: 262
[2021-4-17 20:50:29] PLAYER: KeyPressedEvent: 263 (0 repeats)
[2021-4-17 20:50:29] PLAYER: KeyReleasedEvent: 264
[2021-4-17 20:50:29] PLAYER: KeyReleasedEvent: 263
[2021-4-17 20:50:29] PLAYER: KeyPressedEvent: 264 (0 repeats)
[2021-4-17 20:50:30] PLAYER: KeyPressedEvent: 262 (0 repeats)
[2021-4-17 20:50:30] PLAYER: KeyReleasedEvent: 264
[2021-4-17 20:50:30] PLAYER: KeyPressedEvent: 265 (0 repeats)
[2021-4-17 20:50:30] PLAYER: KeyReleasedEvent: 262
[2021-4-17 20:50:30] PLAYER: KeyPressedEvent: 263 (0 repeats)
[2021-4-17 20:50:30] PLAYER: KeyReleasedEvent: 265
[2021-4-17 20:50:30] PLAYER: KeyReleasedEvent: 263
[2021-4-17 20:50:30] PLAYER: KeyPressedEvent: 264 (0 repeats)
[2021-4-17 20:50:30] PLAYER: KeyPressedEvent: 262 (0 repeats)
[2021-4-17 20:50:30] PLAYER: KeyReleasedEvent: 264
[2021-4-17 20:50:30] PLAYER: KeyPressedEvent: 265 (0 repeats)
[2021-4-17 20:50:30] PLAYER: KeyReleasedEvent: 262
[2021-4-17 20:50:30] PLAYER: KeyPressedEvent: 263 (0 repeats)
[2021-4-17 20:50:31] PLAYER: KeyReleasedEvent: 265
[2021-4-17 20:50:31] PLAYER: KeyPressedEvent: 264 (0 repeats)
[2021-4-17 20:50:31] PLAYER: KeyReleasedEvent: 263
[2021-4-17 20:50:31] PLAYER: KeyPressedEvent: 262 (0 repeats)
[2021-4-17 20:50:31] PLAYER: KeyReleasedEvent: 264
[2021-4-17 20:50:31] PLAYER: KeyPressedEvent: 265 (0 repeats)
[2021-4-17 20:50:31] PLAYER: KeyReleasedEvent: 262
[2021-4-17 20:50:31] PLAYER: KeyPressedEvent: 263 (0 repeats)
[2021-4-17 20:50:31] PLAYER: KeyReleasedEvent: 265
[2021-4-17 20:50:31] PLAYER: KeyPressedEvent: 264 (0 repeats)
[2021-4-17 20:50:31] PLAYER: KeyReleasedEvent: 263
[2021-4-17 20:50:31] PLAYER: KeyPressedEvent: 262 (0 repeats)
[2021-4-17 20:50:31] PLAYER: KeyReleasedEvent: 264
[2021-4-17 20:50:32] PLAYER: KeyPressedEvent: 265 (0 repeats)
[2021-4-17 20:50:32] PLAYER: KeyReleasedEvent: 262
[2021-4-17 20:50:32] PLAYER: KeyPressedEvent: 263 (0 repeats)
[2021-4-17 20:50:32] PLAYER: KeyReleasedEvent: 265
[2021-4-17 20:50:32] PLAYER: KeyReleasedEvent: 263
[2021-4-17 20:50:32] PLAYER: KeyPressedEvent: 262 (0 repeats)
[2021-4-17 20:50:32] PLAYER: KeyPressedEvent: 265 (0 repeats)
[2021-4-17 20:50:32] PLAYER: KeyReleasedEvent: 262
[2021-4-17 20:50:32] PLAYER: KeyPressedEvent: 263 (0 repeats)
[2021-4-17 20:50:32] PLAYER: KeyReleasedEvent: 265
[2021-4-17 20:50:33] PLAYER: KeyPressedEvent: 264 (0 repeats)
[2021-4-17 20:50:33] PLAYER: KeyReleasedEvent: 263
[2021-4-17 20:50:33] PLAYER: KeyPressedEvent: 262 (0 repeats)
[2021-4-17 20:50:33] PLAYER: KeyReleasedEvent: 264
[2021-4-17 20:50:33] PLAYER: KeyPressedEvent: 265 (0 repeats)
[2021-4-17 20:50:33] PLAYER: KeyReleasedEvent: 262
[2021-4-17 20:50:33] PLAYER: KeyPressedEvent: 263 (0 repeats)
[2021-4-17 20:50:33] PLAYER: KeyReleasedEvent: 265
[2021-4-17 20:50:33] PLAYER: KeyPressedEvent: 264 (0 repeats)
[2021-4-17 20:50:33] PLAYER: KeyReleasedEvent: 263
[2021-4-17 20:50:34] PLAYER: KeyPressedEvent: 262 (0 repeats)
[2021-4-17 20:50:34] PLAYER: KeyReleasedEvent: 264
[2021-4-17 20:50:34] PLAYER: KeyPressedEvent: 265 (0 repeats)
[2021-4-17 20:50:34] PLAYER: KeyReleasedEvent: 262
[2021-4-17 20:50:34] PLAYER: KeyPressedEvent: 263 (0 repeats)
[2021-4-17 20:50:34] PLAYER: KeyReleasedEvent: 265
[2021-4-17 20:50:34] PLAYER: KeyPressedEvent: 264 (0 repeats)
[2021-4-17 20:50:34] PLAYER: KeyReleasedEvent: 263
[2021-4-17 20:50:34] PLAYER: KeyPressedEvent: 262 (0 repeats)
[2021-4-17 20:50:34] PLAYER: KeyReleasedEvent: 264
[2021-4-17 20:50:34] PLAYER: KeyPressedEvent: 265 (0 repeats)
[2021-4-17 20:50:34] PLAYER: KeyReleasedEvent: 262
[2021-4-17 20:50:34] PLAYER: KeyPressedEvent: 263 (0 repeats)
[2021-4-17 20:50:34] PLAYER: KeyReleasedEvent: 265
[2021-4-17 20:50:34] PLAYER: KeyPressedEvent: 264 (0 repeats)
[2021-4-17 20:50:34] PLAYER: KeyReleasedEvent: 263
[2021-4-17 20:50:34] PLAYER: KeyPressedEvent: 262 (0 repeats)
[2021-4-17 20:50:35] PLAYER: KeyReleasedEvent: 264
[2021-4-17 20:50:35] PLAYER: KeyPressedEvent: 265 (0 repeats)
[2021-4-17 20:50:35] PLAYER: KeyReleasedEvent: 262
[2021-4-17 20:50:35] PLAYER: KeyPressedEvent: 263 (0 repeats)
[2021-4-17 20:50:35] PLAYER: KeyReleasedEvent: 265
[2021-4-17 20:50:35] PLAYER: KeyPressedEvent: 264 (0 repeats)
[2021-4-17 20:50:35] PLAYER: KeyReleasedEvent: 263
[2021-4-17 20:50:35] PLAYER: KeyPressedEvent: 262 (0 repeats)
[2021-4-17 20:50:35] PLAYER: KeyReleasedEvent: 264
[2021-4-17 20:50:35] PLAYER: KeyPressedEvent: 265 (0 repeats)
[2021-4-17 20:50:35] PLAYER: KeyPressedEvent: 263 (0 repeats)
[2021-4-17 20:50:35] PLAYER: KeyReleasedEvent: 262
[2021-4-17 20:50:35] PLAYER: KeyReleasedEvent: 265
[2021-4-17 20:50:35] PLAYER: KeyPressedEvent: 262 (0 repeats)
[2021-4-17 20:50:35] PLAYER: KeyReleasedEvent: 263
[2021-4-17 20:50:35] PLAYER: KeyReleasedEvent: 262
[2021-4-17 20:50:35] PLAYER: KeyPressedEvent: 263 (0 repeats)
[2021-4-17 20:50:36] PLAYER: KeyPressedEvent: 265 (0 repeats)
[2021-4-17 20:50:36] PLAYER: KeyReleasedEvent: 263
[2021-4-17 20:50:36] PLAYER: KeyPressedEvent: 263 (0 repeats)
[2021-4-17 20:50:36] PLAYER: KeyReleasedEvent: 265
[2021-4-17 20:50:36] PLAYER: KeyPressedEvent: 265 (0 repeats)
[2021-4-17 20:50:36] PLAYER: KeyReleasedEvent: 263
[2021-4-17 20:50:36] PLAYER: KeyPressedEvent: 263 (0 repeats)
[2021-4-17 20:50:36] PLAYER: KeyReleasedEvent: 265
[2021-4-17 20:50:36] PLAYER: KeyReleasedEvent: 263
[2021-4-17 20:50:36] PLAYER: KeyPressedEvent: 265 (0 repeats)
[2021-4-17 20:50:36] PLAYER: KeyPressedEvent: 263 (0 repeats)
[2021-4-17 20:50:36] PLAYER: KeyReleasedEvent: 265
[2021-4-17 20:50:36] PLAYER: KeyReleasedEvent: 263
[2021-4-17 20:50:36] PLAYER: KeyPressedEvent: 265 (0 repeats)
[2021-4-17 20:50:36] PLAYER: KeyPressedEvent: 263 (0 repeats)
[2021-4-17 20:50:36] PLAYER: KeyReleasedEvent: 265
[2021-4-17 20:50:36] PLAYER: KeyReleasedEvent: 263
[2021-4-17 20:50:36] PLAYER: KeyPressedEvent: 265 (0 repeats)
[2021-4-17 20:50:36] PLAYER: KeyPressedEvent: 263 (0 repeats)
[2021-4-17 20:50:36] PLAYER: KeyReleasedEvent: 265
[2021-4-17 20:50:36] PLAYER: KeyReleasedEvent: 263
[2021-4-17 20:50:36] PLAYER: KeyPressedEvent: 265 (0 repeats)
[2021-4-17 20:50:36] PLAYER: KeyPressedEvent: 263 (0 repeats)
[2021-4-17 20:50:37] PLAYER: KeyReleasedEvent: 265
[2021-4-17 20:50:37] PLAYER: KeyReleasedEvent: 263
[2021-4-17 20:50:37] PLAYER: KeyPressedEvent: 265 (0 repeats)
[2021-4-17 20:50:37] PLAYER: KeyReleasedEvent: 265
[2021-4-17 20:51:44] APP: WINDOW_CLOSE
#[2021-4-17 20:51:44]: Entropy Engine: Default Shutdown.#
Logfile Closed: [2021-4-17 20:51:44]
